<?xml version="1.0" encoding="UTF-8"?>
<!-- Generated by org.testng.reporters.JUnitReportReporter -->
<testsuite hostname="24850-438349" failures="0" tests="16" name="com.stctv.qa.testcases.LoginPageTest" time="453.543" errors="0" timestamp="2023-01-04T14:01:16 IST" skipped="0">
  <testcase classname="com.stctv.qa.testcases.LoginPageTest" name="validatepremiumPackagePriceForKWD" time="21.663"/>
  <system-out/>
  <testcase classname="com.stctv.qa.testcases.LoginPageTest" name="validateClassicPackagePriceForSAR" time="42.664"/>
  <system-out/>
  <testcase classname="com.stctv.qa.testcases.LoginPageTest" name="subscriptionTypeLite" time="6.412"/>
  <system-out/>
  <testcase classname="com.stctv.qa.testcases.LoginPageTest" name="loginPageTitleTest" time="48.763"/>
  <system-out/>
  <testcase classname="com.stctv.qa.testcases.LoginPageTest" name="validateCountryBahrain" time="37.591"/>
  <system-out/>
  <testcase classname="com.stctv.qa.testcases.LoginPageTest" name="validateLitePackagePriceForBHD" time="8.758"/>
  <system-out/>
  <testcase classname="com.stctv.qa.testcases.LoginPageTest" name="validatepremiumPackagePriceForBHD" time="28.925"/>
  <system-out/>
  <testcase classname="com.stctv.qa.testcases.LoginPageTest" name="validateLitePackagePriceForSAR" time="23.532"/>
  <system-out/>
  <testcase classname="com.stctv.qa.testcases.LoginPageTest" name="validateLitePackagePriceForKWD" time="27.939"/>
  <system-out/>
  <testcase classname="com.stctv.qa.testcases.LoginPageTest" name="validateClassicPackagePriceForKWD" time="46.811"/>
  <system-out/>
  <testcase classname="com.stctv.qa.testcases.LoginPageTest" name="subscriptionTypeClassic" time="5.424"/>
  <system-out/>
  <testcase classname="com.stctv.qa.testcases.LoginPageTest" name="subscriptionTypePremium" time="35.901"/>
  <system-out/>
  <testcase classname="com.stctv.qa.testcases.LoginPageTest" name="validateCountryKSA" time="22.144"/>
  <system-out/>
  <testcase classname="com.stctv.qa.testcases.LoginPageTest" name="validatepremiumPackagePriceForSAR" time="36.785"/>
  <system-out/>
  <testcase classname="com.stctv.qa.testcases.LoginPageTest" name="validateClassicPackagePriceForBHD" time="53.440"/>
  <system-out/>
  <testcase classname="com.stctv.qa.testcases.LoginPageTest" name="validateCountryKuwait" time="6.791"/>
  <system-out/>
</testsuite> <!-- com.stctv.qa.testcases.LoginPageTest -->
